<?xml version="1.0" encoding="UTF-8" ?>
<testsuite tests="100" failures="0" name="core.AllTest" time="0.014" errors="0" skipped="0">
  <properties>
    <property name="java.runtime.name" value="Java(TM) SE Runtime Environment"/>
    <property name="sun.boot.library.path" value="/Library/Java/JavaVirtualMachines/jdk1.8.0_65.jdk/Contents/Home/jre/lib"/>
    <property name="java.vm.version" value="25.65-b01"/>
    <property name="gopherProxySet" value="false"/>
    <property name="build.version" value="1.2"/>
    <property name="java.vm.vendor" value="Oracle Corporation"/>
    <property name="maven.multiModuleProjectDirectory" value="/Users/gulmira/Workspace/Junit2"/>
    <property name="java.vendor.url" value="http://java.oracle.com/"/>
    <property name="path.separator" value=":"/>
    <property name="guice.disable.misplaced.annotation.check" value="true"/>
    <property name="java.vm.name" value="Java HotSpot(TM) 64-Bit Server VM"/>
    <property name="file.encoding.pkg" value="sun.io"/>
    <property name="user.country" value="US"/>
    <property name="sun.java.launcher" value="SUN_STANDARD"/>
    <property name="sun.os.patch.level" value="unknown"/>
    <property name="test" value="AllTest"/>
    <property name="java.vm.specification.name" value="Java Virtual Machine Specification"/>
    <property name="user.dir" value="/Users/gulmira/Workspace/Junit2"/>
    <property name="java.runtime.version" value="1.8.0_65-b17"/>
    <property name="java.awt.graphicsenv" value="sun.awt.CGraphicsEnvironment"/>
    <property name="java.endorsed.dirs" value="/Library/Java/JavaVirtualMachines/jdk1.8.0_65.jdk/Contents/Home/jre/lib/endorsed"/>
    <property name="os.arch" value="x86_64"/>
    <property name="java.io.tmpdir" value="/var/folders/s1/w8b__6m17s32dntm4sb5s6kw0000gn/T/"/>
    <property name="line.separator" value="
"/>
    <property name="java.vm.specification.vendor" value="Oracle Corporation"/>
    <property name="os.name" value="Mac OS X"/>
    <property name="classworlds.conf" value="/usr/local/Cellar/maven/3.3.9/libexec/bin/m2.conf"/>
    <property name="sun.jnu.encoding" value="UTF-8"/>
    <property name="java.library.path" value="/Users/gulmira/Library/Java/Extensions:/Library/Java/Extensions:/Network/Library/Java/Extensions:/System/Library/Java/Extensions:/usr/lib/java:."/>
    <property name="java.specification.name" value="Java Platform API Specification"/>
    <property name="java.class.version" value="52.0"/>
    <property name="sun.management.compiler" value="HotSpot 64-Bit Tiered Compilers"/>
    <property name="os.version" value="10.11.4"/>
    <property name="http.nonProxyHosts" value="local|*.local|169.254/16|*.169.254/16"/>
    <property name="user.home" value="/Users/gulmira"/>
    <property name="user.timezone" value="America/Los_Angeles"/>
    <property name="java.awt.printerjob" value="sun.lwawt.macosx.CPrinterJob"/>
    <property name="java.specification.version" value="1.8"/>
    <property name="file.encoding" value="UTF-8"/>
    <property name="user.name" value="gulmira"/>
    <property name="java.class.path" value="/usr/local/Cellar/maven/3.3.9/libexec/boot/plexus-classworlds-2.5.2.jar"/>
    <property name="java.vm.specification.version" value="1.8"/>
    <property name="sun.arch.data.model" value="64"/>
    <property name="java.home" value="/Library/Java/JavaVirtualMachines/jdk1.8.0_65.jdk/Contents/Home/jre"/>
    <property name="sun.java.command" value="org.codehaus.plexus.classworlds.launcher.Launcher clean site test -Dtest=AllTest -Dbuild.version=1.2"/>
    <property name="java.specification.vendor" value="Oracle Corporation"/>
    <property name="user.language" value="en"/>
    <property name="awt.toolkit" value="sun.lwawt.macosx.LWCToolkit"/>
    <property name="java.vm.info" value="mixed mode"/>
    <property name="java.version" value="1.8.0_65"/>
    <property name="java.ext.dirs" value="/Users/gulmira/Library/Java/Extensions:/Library/Java/JavaVirtualMachines/jdk1.8.0_65.jdk/Contents/Home/jre/lib/ext:/Library/Java/Extensions:/Network/Library/Java/Extensions:/System/Library/Java/Extensions:/usr/lib/java"/>
    <property name="sun.boot.class.path" value="/Library/Java/JavaVirtualMachines/jdk1.8.0_65.jdk/Contents/Home/jre/lib/resources.jar:/Library/Java/JavaVirtualMachines/jdk1.8.0_65.jdk/Contents/Home/jre/lib/rt.jar:/Library/Java/JavaVirtualMachines/jdk1.8.0_65.jdk/Contents/Home/jre/lib/sunrsasign.jar:/Library/Java/JavaVirtualMachines/jdk1.8.0_65.jdk/Contents/Home/jre/lib/jsse.jar:/Library/Java/JavaVirtualMachines/jdk1.8.0_65.jdk/Contents/Home/jre/lib/jce.jar:/Library/Java/JavaVirtualMachines/jdk1.8.0_65.jdk/Contents/Home/jre/lib/charsets.jar:/Library/Java/JavaVirtualMachines/jdk1.8.0_65.jdk/Contents/Home/jre/lib/jfr.jar:/Library/Java/JavaVirtualMachines/jdk1.8.0_65.jdk/Contents/Home/jre/classes"/>
    <property name="java.vendor" value="Oracle Corporation"/>
    <property name="maven.home" value="/usr/local/Cellar/maven/3.3.9/libexec"/>
    <property name="file.separator" value="/"/>
    <property name="java.vendor.url.bug" value="http://bugreport.sun.com/bugreport/"/>
    <property name="sun.cpu.endian" value="little"/>
    <property name="sun.io.unicode.encoding" value="UnicodeBig"/>
    <property name="socksNonProxyHosts" value="local|*.local|169.254/16|*.169.254/16"/>
    <property name="ftp.nonProxyHosts" value="local|*.local|169.254/16|*.169.254/16"/>
    <property name="sun.cpu.isalist" value=""/>
  </properties>
  <testcase classname="core.IsPrimeNumTes" name="testIsPrimeNum[Iteration # 0: Number: 1; isPrime? true]" time="0.003"/>
  <testcase classname="core.IsPrimeNumTes" name="testIsPrimeNum[Iteration # 1: Number: 2; isPrime? true]" time="0"/>
  <testcase classname="core.IsPrimeNumTes" name="testIsPrimeNum[Iteration # 2: Number: 3; isPrime? true]" time="0"/>
  <testcase classname="core.IsPrimeNumTes" name="testIsPrimeNum[Iteration # 3: Number: 4; isPrime? true]" time="0"/>
  <testcase classname="core.IsPrimeNumTes" name="testIsPrimeNum[Iteration # 4: Number: 5; isPrime? true]" time="0"/>
  <testcase classname="core.IsPrimeNumTes" name="testIsPrimeNum[Iteration # 5: Number: 6; isPrime? false]" time="0"/>
  <testcase classname="core.IsPrimeNumTes" name="testIsPrimeNum[Iteration # 6: Number: 7; isPrime? true]" time="0"/>
  <testcase classname="core.IsPrimeNumTes" name="testIsPrimeNum[Iteration # 7: Number: 8; isPrime? false]" time="0"/>
  <testcase classname="core.IsPrimeNumTes" name="testIsPrimeNum[Iteration # 8: Number: 9; isPrime? false]" time="0"/>
  <testcase classname="core.IsPrimeNumTes" name="testIsPrimeNum[Iteration # 9: Number: 10; isPrime? false]" time="0"/>
  <testcase classname="core.IsPrimeNumTes" name="testIsPrimeNum[Iteration # 10: Number: 11; isPrime? true]" time="0"/>
  <testcase classname="core.IsPrimeNumTes" name="testIsPrimeNum[Iteration # 11: Number: 12; isPrime? false]" time="0"/>
  <testcase classname="core.IsPrimeNumTes" name="testIsPrimeNum[Iteration # 12: Number: 13; isPrime? true]" time="0.001"/>
  <testcase classname="core.IsPrimeNumTes" name="testIsPrimeNum[Iteration # 13: Number: 14; isPrime? false]" time="0"/>
  <testcase classname="core.IsPrimeNumTes" name="testIsPrimeNum[Iteration # 14: Number: 15; isPrime? false]" time="0"/>
  <testcase classname="core.IsPrimeNumTes" name="testIsPrimeNum[Iteration # 15: Number: 16; isPrime? false]" time="0.002"/>
  <testcase classname="core.IsPrimeNumTes" name="testIsPrimeNum[Iteration # 16: Number: 17; isPrime? true]" time="0"/>
  <testcase classname="core.IsPrimeNumTes" name="testIsPrimeNum[Iteration # 17: Number: 18; isPrime? false]" time="0"/>
  <testcase classname="core.IsPrimeNumTes" name="testIsPrimeNum[Iteration # 18: Number: 19; isPrime? true]" time="0"/>
  <testcase classname="core.IsPrimeNumTes" name="testIsPrimeNum[Iteration # 19: Number: 20; isPrime? false]" time="0"/>
  <testcase classname="core.IsPrimeNumTes" name="testIsPrimeNum[Iteration # 20: Number: 21; isPrime? false]" time="0"/>
  <testcase classname="core.IsPrimeNumTes" name="testIsPrimeNum[Iteration # 21: Number: 22; isPrime? false]" time="0"/>
  <testcase classname="core.IsPrimeNumTes" name="testIsPrimeNum[Iteration # 22: Number: 23; isPrime? true]" time="0"/>
  <testcase classname="core.IsPrimeNumTes" name="testIsPrimeNum[Iteration # 23: Number: 24; isPrime? false]" time="0"/>
  <testcase classname="core.IsPrimeNumTes" name="testIsPrimeNum[Iteration # 24: Number: 25; isPrime? false]" time="0"/>
  <testcase classname="core.IsPrimeNumTes" name="testIsPrimeNum[Iteration # 25: Number: 26; isPrime? false]" time="0"/>
  <testcase classname="core.IsPrimeNumTes" name="testIsPrimeNum[Iteration # 26: Number: 27; isPrime? false]" time="0"/>
  <testcase classname="core.IsPrimeNumTes" name="testIsPrimeNum[Iteration # 27: Number: 28; isPrime? false]" time="0.002"/>
  <testcase classname="core.IsPrimeNumTes" name="testIsPrimeNum[Iteration # 28: Number: 29; isPrime? true]" time="0"/>
  <testcase classname="core.IsPrimeNumTes" name="testIsPrimeNum[Iteration # 29: Number: 30; isPrime? false]" time="0"/>
  <testcase classname="core.IsPrimeNumTes" name="testIsPrimeNum[Iteration # 30: Number: 31; isPrime? true]" time="0"/>
  <testcase classname="core.IsPrimeNumTes" name="testIsPrimeNum[Iteration # 31: Number: 32; isPrime? false]" time="0"/>
  <testcase classname="core.IsPrimeNumTes" name="testIsPrimeNum[Iteration # 32: Number: 33; isPrime? false]" time="0"/>
  <testcase classname="core.IsPrimeNumTes" name="testIsPrimeNum[Iteration # 33: Number: 34; isPrime? false]" time="0"/>
  <testcase classname="core.IsPrimeNumTes" name="testIsPrimeNum[Iteration # 34: Number: 35; isPrime? false]" time="0.001"/>
  <testcase classname="core.IsPrimeNumTes" name="testIsPrimeNum[Iteration # 35: Number: 36; isPrime? false]" time="0"/>
  <testcase classname="core.IsPrimeNumTes" name="testIsPrimeNum[Iteration # 36: Number: 37; isPrime? true]" time="0"/>
  <testcase classname="core.IsPrimeNumTes" name="testIsPrimeNum[Iteration # 37: Number: 38; isPrime? false]" time="0"/>
  <testcase classname="core.IsPrimeNumTes" name="testIsPrimeNum[Iteration # 38: Number: 39; isPrime? false]" time="0"/>
  <testcase classname="core.IsPrimeNumTes" name="testIsPrimeNum[Iteration # 39: Number: 40; isPrime? false]" time="0"/>
  <testcase classname="core.IsPrimeNumTes" name="testIsPrimeNum[Iteration # 40: Number: 41; isPrime? true]" time="0"/>
  <testcase classname="core.IsPrimeNumTes" name="testIsPrimeNum[Iteration # 41: Number: 42; isPrime? false]" time="0"/>
  <testcase classname="core.IsPrimeNumTes" name="testIsPrimeNum[Iteration # 42: Number: 43; isPrime? true]" time="0"/>
  <testcase classname="core.IsPrimeNumTes" name="testIsPrimeNum[Iteration # 43: Number: 44; isPrime? false]" time="0"/>
  <testcase classname="core.IsPrimeNumTes" name="testIsPrimeNum[Iteration # 44: Number: 45; isPrime? false]" time="0"/>
  <testcase classname="core.IsPrimeNumTes" name="testIsPrimeNum[Iteration # 45: Number: 46; isPrime? false]" time="0"/>
  <testcase classname="core.IsPrimeNumTes" name="testIsPrimeNum[Iteration # 46: Number: 47; isPrime? true]" time="0"/>
  <testcase classname="core.IsPrimeNumTes" name="testIsPrimeNum[Iteration # 47: Number: 48; isPrime? false]" time="0"/>
  <testcase classname="core.IsPrimeNumTes" name="testIsPrimeNum[Iteration # 48: Number: 49; isPrime? false]" time="0"/>
  <testcase classname="core.IsPrimeNumTes" name="testIsPrimeNum[Iteration # 49: Number: 50; isPrime? false]" time="0"/>
  <testcase classname="core.IsPrimeNumTes" name="testIsPrimeNum[Iteration # 50: Number: 51; isPrime? false]" time="0"/>
  <testcase classname="core.IsPrimeNumTes" name="testIsPrimeNum[Iteration # 51: Number: 52; isPrime? false]" time="0"/>
  <testcase classname="core.IsPrimeNumTes" name="testIsPrimeNum[Iteration # 52: Number: 53; isPrime? true]" time="0"/>
  <testcase classname="core.IsPrimeNumTes" name="testIsPrimeNum[Iteration # 53: Number: 54; isPrime? false]" time="0.001"/>
  <testcase classname="core.IsPrimeNumTes" name="testIsPrimeNum[Iteration # 54: Number: 55; isPrime? false]" time="0"/>
  <testcase classname="core.IsPrimeNumTes" name="testIsPrimeNum[Iteration # 55: Number: 56; isPrime? false]" time="0"/>
  <testcase classname="core.IsPrimeNumTes" name="testIsPrimeNum[Iteration # 56: Number: 57; isPrime? false]" time="0"/>
  <testcase classname="core.IsPrimeNumTes" name="testIsPrimeNum[Iteration # 57: Number: 58; isPrime? false]" time="0"/>
  <testcase classname="core.IsPrimeNumTes" name="testIsPrimeNum[Iteration # 58: Number: 59; isPrime? true]" time="0"/>
  <testcase classname="core.IsPrimeNumTes" name="testIsPrimeNum[Iteration # 59: Number: 60; isPrime? false]" time="0"/>
  <testcase classname="core.IsPrimeNumTes" name="testIsPrimeNum[Iteration # 60: Number: 61; isPrime? true]" time="0.001"/>
  <testcase classname="core.IsPrimeNumTes" name="testIsPrimeNum[Iteration # 61: Number: 62; isPrime? false]" time="0"/>
  <testcase classname="core.IsPrimeNumTes" name="testIsPrimeNum[Iteration # 62: Number: 63; isPrime? false]" time="0"/>
  <testcase classname="core.IsPrimeNumTes" name="testIsPrimeNum[Iteration # 63: Number: 64; isPrime? false]" time="0"/>
  <testcase classname="core.IsPrimeNumTes" name="testIsPrimeNum[Iteration # 64: Number: 65; isPrime? false]" time="0.001"/>
  <testcase classname="core.IsPrimeNumTes" name="testIsPrimeNum[Iteration # 65: Number: 66; isPrime? false]" time="0"/>
  <testcase classname="core.IsPrimeNumTes" name="testIsPrimeNum[Iteration # 66: Number: 67; isPrime? true]" time="0"/>
  <testcase classname="core.IsPrimeNumTes" name="testIsPrimeNum[Iteration # 67: Number: 68; isPrime? false]" time="0"/>
  <testcase classname="core.IsPrimeNumTes" name="testIsPrimeNum[Iteration # 68: Number: 69; isPrime? false]" time="0"/>
  <testcase classname="core.IsPrimeNumTes" name="testIsPrimeNum[Iteration # 69: Number: 70; isPrime? false]" time="0"/>
  <testcase classname="core.IsPrimeNumTes" name="testIsPrimeNum[Iteration # 70: Number: 71; isPrime? true]" time="0.001"/>
  <testcase classname="core.IsPrimeNumTes" name="testIsPrimeNum[Iteration # 71: Number: 72; isPrime? false]" time="0"/>
  <testcase classname="core.IsPrimeNumTes" name="testIsPrimeNum[Iteration # 72: Number: 73; isPrime? true]" time="0"/>
  <testcase classname="core.IsPrimeNumTes" name="testIsPrimeNum[Iteration # 73: Number: 74; isPrime? false]" time="0"/>
  <testcase classname="core.IsPrimeNumTes" name="testIsPrimeNum[Iteration # 74: Number: 75; isPrime? false]" time="0"/>
  <testcase classname="core.IsPrimeNumTes" name="testIsPrimeNum[Iteration # 75: Number: 76; isPrime? false]" time="0"/>
  <testcase classname="core.IsPrimeNumTes" name="testIsPrimeNum[Iteration # 76: Number: 77; isPrime? false]" time="0"/>
  <testcase classname="core.IsPrimeNumTes" name="testIsPrimeNum[Iteration # 77: Number: 78; isPrime? false]" time="0"/>
  <testcase classname="core.IsPrimeNumTes" name="testIsPrimeNum[Iteration # 78: Number: 79; isPrime? true]" time="0"/>
  <testcase classname="core.IsPrimeNumTes" name="testIsPrimeNum[Iteration # 79: Number: 80; isPrime? false]" time="0"/>
  <testcase classname="core.IsPrimeNumTes" name="testIsPrimeNum[Iteration # 80: Number: 81; isPrime? false]" time="0"/>
  <testcase classname="core.IsPrimeNumTes" name="testIsPrimeNum[Iteration # 81: Number: 82; isPrime? false]" time="0.001"/>
  <testcase classname="core.IsPrimeNumTes" name="testIsPrimeNum[Iteration # 82: Number: 83; isPrime? true]" time="0"/>
  <testcase classname="core.IsPrimeNumTes" name="testIsPrimeNum[Iteration # 83: Number: 84; isPrime? false]" time="0"/>
  <testcase classname="core.IsPrimeNumTes" name="testIsPrimeNum[Iteration # 84: Number: 85; isPrime? false]" time="0"/>
  <testcase classname="core.IsPrimeNumTes" name="testIsPrimeNum[Iteration # 85: Number: 86; isPrime? false]" time="0"/>
  <testcase classname="core.IsPrimeNumTes" name="testIsPrimeNum[Iteration # 86: Number: 87; isPrime? false]" time="0"/>
  <testcase classname="core.IsPrimeNumTes" name="testIsPrimeNum[Iteration # 87: Number: 88; isPrime? false]" time="0"/>
  <testcase classname="core.IsPrimeNumTes" name="testIsPrimeNum[Iteration # 88: Number: 89; isPrime? true]" time="0"/>
  <testcase classname="core.IsPrimeNumTes" name="testIsPrimeNum[Iteration # 89: Number: 90; isPrime? false]" time="0"/>
  <testcase classname="core.IsPrimeNumTes" name="testIsPrimeNum[Iteration # 90: Number: 91; isPrime? false]" time="0"/>
  <testcase classname="core.IsPrimeNumTes" name="testIsPrimeNum[Iteration # 91: Number: 92; isPrime? false]" time="0"/>
  <testcase classname="core.IsPrimeNumTes" name="testIsPrimeNum[Iteration # 92: Number: 93; isPrime? false]" time="0"/>
  <testcase classname="core.IsPrimeNumTes" name="testIsPrimeNum[Iteration # 93: Number: 94; isPrime? false]" time="0"/>
  <testcase classname="core.IsPrimeNumTes" name="testIsPrimeNum[Iteration # 94: Number: 95; isPrime? false]" time="0"/>
  <testcase classname="core.IsPrimeNumTes" name="testIsPrimeNum[Iteration # 95: Number: 96; isPrime? false]" time="0"/>
  <testcase classname="core.IsPrimeNumTes" name="testIsPrimeNum[Iteration # 96: Number: 97; isPrime? true]" time="0"/>
  <testcase classname="core.IsPrimeNumTes" name="testIsPrimeNum[Iteration # 97: Number: 98; isPrime? false]" time="0"/>
  <testcase classname="core.IsPrimeNumTes" name="testIsPrimeNum[Iteration # 98: Number: 99; isPrime? false]" time="0"/>
  <testcase classname="core.IsPrimeNumTes" name="testIsPrimeNum[Iteration # 99: Number: 100; isPrime? false]" time="0"/>
</testsuite>